2025-09-08 17:59:13,083 | aci.level2.info | INFO | Memory load: episodic_memory
2025-09-08 17:59:13,103 | aci.level2.info | INFO | Memory load: autobiographical_narrative
2025-09-08 18:01:29,724 | aci.level2.info | INFO | Memory save: autobiographical_narrative
2025-09-08 18:01:32,996 | aci.level2.info | INFO | Memory save: autobiographical_narrative
2025-09-08 18:01:37,055 | aci.level2.info | INFO | Memory save: autobiographical_narrative
2025-09-08 18:01:42,156 | aci.level2.info | INFO | Memory save: autobiographical_narrative
2025-09-08 18:01:56,685 | aci.level2.info | INFO | Memory load: memory_graph
2025-09-08 18:01:57,351 | aci.level2.info | INFO | Simulation step started
2025-09-08 18:01:57,376 | aci.level2.info | INFO | Starting DMN step
2025-09-08 18:02:09,811 | aci.level2.info | INFO | Memory create: floating_memory
2025-09-08 18:02:12,073 | aci.level2.info | INFO | Periodic knowledge extraction completed
2025-09-08 18:02:12,108 | aci.level2.info | INFO | Performance: dmn_step_duration = 14.73185110092163 seconds
2025-09-08 18:02:12,122 | aci.level2.info | INFO | Step completed
2025-09-08 18:02:12,626 | aci.level2.info | INFO | Simulation step started
2025-09-08 18:02:17,395 | aci.level2.info | INFO | Starting DMN step
2025-09-08 18:03:04,600 | aci.level2.info | INFO | Memory persist: floating_memory
2025-09-08 18:03:04,965 | aci.level2.info | INFO | Memory create: floating_memory
2025-09-08 18:03:04,991 | aci.level2.info | INFO | Performance: dmn_step_duration = 47.59587621688843 seconds
2025-09-08 18:03:04,997 | aci.level2.info | INFO | Step completed
2025-09-08 18:03:05,501 | aci.level2.info | INFO | Simulation step started
2025-09-08 18:03:09,053 | aci.level2.info | INFO | Starting DMN step
2025-09-08 18:03:26,549 | aci.level2.info | INFO | Memory persist: floating_memory
2025-09-08 18:03:26,917 | aci.level2.info | INFO | Memory create: floating_memory
2025-09-08 18:03:26,988 | aci.level2.info | INFO | Performance: dmn_step_duration = 17.93468427658081 seconds
2025-09-08 18:03:26,994 | aci.level2.info | INFO | Step completed
2025-09-08 18:03:27,500 | aci.level2.info | INFO | Simulation step started
2025-09-08 18:03:31,476 | aci.level2.info | INFO | Starting DMN step
