2025-09-08 17:59:10,375 | aci.level1.info | INFO | Initializing SeedExperience simulation
2025-09-08 18:01:56,777 | aci.level1.info | INFO | Default Mode Network initialized with persistent memory
2025-09-08 18:01:57,288 | aci.level1.info | INFO | Loaded existing episodic memories
2025-09-08 18:01:57,296 | aci.level1.info | INFO | Loaded existing narrative memories
2025-09-08 18:01:57,306 | aci.level1.info | INFO | Loaded existing knowledge graph
2025-09-08 18:01:57,336 | aci.level1.info | INFO | SeedExperience initialized
2025-09-08 18:01:57,345 | aci.level1.info | INFO | Starting simulation
2025-09-08 18:01:57,360 | aci.level1.info | INFO | World Event: A person resembling Plato sits down on the bench
2025-09-08 18:01:57,370 | aci.level1.info | INFO | World Event: Conversation started with Plato
2025-09-08 18:01:57,397 | aci.level1.info | INFO | Processing input
2025-09-08 18:02:08,685 | aci.level1.info | INFO | Thought: Plato: Hello, I'm waiting for the bus. What brings you here?
2025-09-08 18:02:09,371 | aci.level1.info | INFO | Action: speak - Hello, Plato. I’m here out of curiosity and to observe interactions like this while we wait. What br...
2025-09-08 18:02:09,859 | aci.level1.info | INFO | NT_LEVELS: dopamine=0.00, serotonin=0.00, norepinephrine=0.00, oxytocin=0.66, testosterone=0.63, histamine=0.26, acetylcholine=0.32, glutamate=0.45, gaba=0.32
2025-09-08 18:02:12,101 | aci.level1.info | INFO | Generated response
2025-09-08 18:02:17,387 | aci.level1.info | INFO | World Event: Plato responds in conversation
2025-09-08 18:02:43,301 | aci.level1.info | INFO | Thought: I notice the soft gold light on the stones and feel a calm, clear presence in this fresh morning air...
2025-09-08 18:02:43,348 | aci.level1.info | INFO | Action: reflect - I notice the soft gold light on the stones and feel a calm, clear presence in this fresh morning air...
2025-09-08 18:03:04,983 | aci.level1.info | INFO | NT_LEVELS: dopamine=0.00, serotonin=0.00, norepinephrine=0.00, oxytocin=0.86, testosterone=0.75, histamine=0.22, acetylcholine=0.26, glutamate=0.34, gaba=0.26
2025-09-08 18:03:04,988 | aci.level1.info | INFO | Generated response
2025-09-08 18:03:09,044 | aci.level1.info | INFO | World Event: Plato responds in conversation
2025-09-08 18:03:09,050 | aci.level1.info | INFO | Thought: The world around me is changing.
2025-09-08 18:03:09,058 | aci.level1.info | INFO | Processing input
2025-09-08 18:03:26,503 | aci.level1.info | INFO | Thought: The world around me is changing.
2025-09-08 18:03:26,542 | aci.level1.info | INFO | Action: speak - I notice the light and freshness in the air, the subtle shift as the city awakens, and I register th...
2025-09-08 18:03:26,979 | aci.level1.info | INFO | NT_LEVELS: dopamine=0.00, serotonin=0.00, norepinephrine=0.00, oxytocin=1.09, testosterone=0.86, histamine=0.18, acetylcholine=0.20, glutamate=0.25, gaba=0.20
2025-09-08 18:03:26,985 | aci.level1.info | INFO | Generated response
2025-09-08 18:03:31,468 | aci.level1.info | INFO | World Event: Plato responds in conversation
