{
  "timestamp": "2025-09-08T18:02:09.818490",
  "nt_levels": {
    "dopamine": 0,
    "serotonin": 0,
    "norepinephrine": 0,
    "oxytocin": 0.6649999999999999,
    "testosterone": 0.6305000000000001,
    "histamine": 0.255,
    "acetylcholine": 0.32,
    "glutamate": 0.44999999999999996,
    "gaba": 0.32
  },
  "change_trigger": "",
  "component": "dmn",
  "session_id": "20250908_175909",
  "step": 0,
  "cycle_duration": 12.442395687103271
}
---
{
  "timestamp": "2025-09-08T18:03:04.969575",
  "nt_levels": {
    "dopamine": 0,
    "serotonin": 0,
    "norepinephrine": 0,
    "oxytocin": 0.86013,
    "testosterone": 0.7498100000000001,
    "histamine": 0.21675,
    "acetylcholine": 0.256,
    "glutamate": 0.33749999999999997,
    "gaba": 0.256
  },
  "change_trigger": "",
  "component": "dmn",
  "session_id": "20250908_175909",
  "step": 1,
  "cycle_duration": 47.573911905288696
}
---
{
  "timestamp": "2025-09-08T18:03:26.923140",
  "nt_levels": {
    "dopamine": 0,
    "serotonin": 0,
    "norepinephrine": 0,
    "oxytocin": 1.0910625195175,
    "testosterone": 0.8586294500000001,
    "histamine": 0.1842375,
    "acetylcholine": 0.2048,
    "glutamate": 0.253125,
    "gaba": 0.2048
  },
  "change_trigger": "",
  "component": "dmn",
  "session_id": "20250908_175909",
  "step": 2,
  "cycle_duration": 17.86923599243164
}
---
